
> my-app@0.1.0 build
> next build

▲ Next.js 16.2.9 (Turbopack)
- Environments: .env
- Experiments (use with caution):
  · serverActions

⚠ The "middleware" file convention is deprecated. Please use "proxy" instead. Learn more: https://nextjs.org/docs/messages/middleware-to-proxy
  Creating an optimized production build ...
✓ Compiled successfully in 7.9s
  Running TypeScript ...
  Finished TypeScript in 13.7s ...
  Collecting page data using 11 workers ...
  Generating static pages using 11 workers (0/69) ...
  Generating static pages using 11 workers (17/69) 
  Generating static pages using 11 workers (34/69) 
  Generating static pages using 11 workers (51/69) 
✓ Generating static pages using 11 workers (69/69) in 643ms
  Finalizing page optimization ...

Route (app)
┌ ○ /
├ ○ /_not-found
├ ƒ /addemployees
├ ○ /addprojects
├ ○ /alltasks
├ ƒ /api/auth/[...nextauth]
├ ƒ /api/employees
├ ƒ /api/files
├ ƒ /api/files/[id]
├ ƒ /api/tasks/[id]
├ ƒ /api/user/banner
├ ƒ /api/user/profile
├ ƒ /api/user/profile-image
├ ○ /approvals
├ ○ /approvals/approved
├ ○ /approvals/rejected
├ ƒ /auth/role-redirect
├ ○ /calendar
├ ○ /clients
├ ○ /dashboard
├ ƒ /departments
├ ƒ /employees
├ ○ /files
├ ƒ /forgot-password
├ ƒ /login
├ ○ /my-time
├ ○ /mytasks
├ ƒ /orgmenu
├ ƒ /orgmenu/analytics
├ ƒ /orgmenu/audit
├ ƒ /orgmenu/audit/exports
├ ƒ /orgmenu/members
├ ƒ /orgmenu/members/invite
├ ƒ /orgmenu/members/roles
├ ƒ /orgmenu/org
├ ƒ /orgmenu/org/billing
├ ƒ /orgmenu/org/plans
├ ƒ /orgmenu/profile
├ ƒ /orgmenu/reports
├ ƒ /orgmenu/reports/activity
├ ƒ /orgmenu/reports/usage
├ ƒ /orgmenu/security
├ ƒ /orgmenu/security/policies
├ ƒ /orgmenu/security/sso
├ ƒ /orgmenu/settings
├ ƒ /orgmenu/settings/notifications
├ ○ /overview
├ ○ /pricing
├ ○ /profile
├ ○ /projects
├ ○ /recycle-bin
├ ○ /reports
├ ○ /savedtasks
├ ○ /settings
├ ○ /shared
├ ƒ /signup
├ ƒ /signup-mongo
├ ƒ /staffs
├ ƒ /staffs/activity
├ ƒ /staffs/add
├ ƒ /staffs/attendance
├ ƒ /staffs/attendance/reports
├ ƒ /staffs/list
├ ƒ /staffs/performance
├ ƒ /staffs/performance/goals
├ ƒ /staffs/schedule
├ ƒ /staffs/settings
├ ƒ /staffs/settings/roles
├ ƒ /staffs/time-off
├ ○ /team-time
├ ○ /teams
├ ○ /teamtasks
├ ○ /terminated
├ ○ /time-reports
├ ○ /time-tracker
├ ○ /upcomingtasks
└ ○ /upload


ƒ Proxy (Middleware)

○  (Static)   prerendered as static content
ƒ  (Dynamic)  server-rendered on demand

