(node:69891) [DEP0169] DeprecationWarning: `url.parse()` behavior is not standardized and prone to errors that have security implications. Use the WHATWG URL API instead. CVEs are not issued for `url.parse()` vulnerabilities.
(Use `node --trace-deprecation ...` to show where the warning was created)

> myworkspace-backend@1.0.0 db:seed-admin
> tsx --env-file=.env src/lib/db/seed-admin.ts

node:internal/modules/package_json_reader:301
  throw new ERR_MODULE_NOT_FOUND(packageName, fileURLToPath(base), null);
        ^

Error [ERR_MODULE_NOT_FOUND]: Cannot find package 'mongoose' imported from /root/myworkspace/backend/src/lib/db/index.ts
    at Object.getPackageJSONURL (node:internal/modules/package_json_reader:301:9)
    at packageResolve (node:internal/modules/esm/resolve:768:81)
    at moduleResolve (node:internal/modules/esm/resolve:859:18)
    at defaultResolve (node:internal/modules/esm/resolve:992:11)
    at #cachedDefaultResolve (node:internal/modules/esm/loader:701:20)
    at #resolveAndMaybeBlockOnLoaderThread (node:internal/modules/esm/loader:721:38)
    at nextStep (node:internal/modules/customization_hooks:189:26)
    at resolveBaseSync (file:///usr/local/lib/node_modules/tsx/dist/register-CqMfTiWi.mjs:2:8745)
    at resolveDirectorySync (file:///usr/local/lib/node_modules/tsx/dist/register-CqMfTiWi.mjs:2:9958)
    at resolveTsPathsSync (file:///usr/local/lib/node_modules/tsx/dist/register-CqMfTiWi.mjs:2:11190) {
  code: 'ERR_MODULE_NOT_FOUND'
}

Node.js v24.18.0
